c:\dev\pabloengine\pabloengine\x64\debug\vc142.pdb
c:\dev\pabloengine\pabloengine\x64\debug\vc142.idb
c:\dev\pabloengine\pabloengine\x64\debug\utils.obj
c:\dev\pabloengine\pabloengine\x64\debug\swapchain.obj
c:\dev\pabloengine\pabloengine\x64\debug\renderer.obj
c:\dev\pabloengine\pabloengine\x64\debug\fence.obj
c:\dev\pabloengine\pabloengine\x64\debug\device.obj
c:\dev\pabloengine\pabloengine\x64\debug\d3dshaders.obj
c:\dev\pabloengine\pabloengine\x64\debug\commandqueue.obj
c:\dev\pabloengine\pabloengine\x64\debug\commandallocator.obj
c:\dev\pabloengine\pabloengine\x64\debug\input.obj
c:\dev\pabloengine\pabloengine\x64\debug\winmain.obj
c:\dev\pabloengine\pabloengine\x64\debug\window.obj
c:\dev\pabloengine\pabloengine\x64\debug\application.obj
c:\dev\pabloengine\pabloengine\x64\debug\commandlist.obj
c:\dev\pabloengine\pabloengine\x64\debug\rtvdescriptorheap.obj
c:\dev\pabloengine\pabloengine\x64\debug\backbufferrtv.obj
c:\dev\pabloengine\pabloengine\x64\debug\vertexbuffer.obj
c:\dev\pabloengine\pabloengine\x64\debug\buffer.obj
c:\dev\pabloengine\x64\debug\pabloengine.exe
c:\dev\pabloengine\pabloengine\x64\debug\pabloengine.ilk
c:\dev\pabloengine\x64\debug\pabloengine.pdb
c:\dev\pabloengine\pabloengine\x64\debug\pabloengine.tlog\cl.command.1.tlog
c:\dev\pabloengine\pabloengine\x64\debug\pabloengine.tlog\cl.read.1.tlog
c:\dev\pabloengine\pabloengine\x64\debug\pabloengine.tlog\cl.write.1.tlog
c:\dev\pabloengine\pabloengine\x64\debug\pabloengine.tlog\link.command.1.tlog
c:\dev\pabloengine\pabloengine\x64\debug\pabloengine.tlog\link.read.1.tlog
c:\dev\pabloengine\pabloengine\x64\debug\pabloengine.tlog\link.write.1.tlog
